0 info it worked if it ends with ok
1 verbose cli [ '/usr/bin/node', '/usr/bin/npm', 'install' ]
2 info using npm@6.14.16
3 info using node@v14.19.1
4 verbose npm-session d3b8e791f9aab485
5 silly install runPreinstallTopLevelLifecycles
6 silly preinstall my-app@1.0.0
7 info lifecycle my-app@1.0.0~preinstall: my-app@1.0.0
8 silly install loadCurrentTree
9 silly install readLocalPackageData
10 timing stage:loadCurrentTree Completed in 4256ms
11 silly install loadIdealTree
12 silly install cloneCurrentTreeToIdealTree
13 timing stage:loadIdealTree:cloneCurrentTree Completed in 61ms
14 silly install loadShrinkwrap
15 timing stage:loadIdealTree:loadShrinkwrap Completed in 847ms
16 silly install loadAllDepsIntoIdealTree
17 http fetch GET 304 https://registry.npmjs.org/webpack-dev-server 227ms (from cache)
18 silly registry:manifest no matching version for webpack-dev-server@-3 in the cache. Forcing revalidation.
19 http fetch GET 200 https://registry.npmjs.org/webpack-dev-server 94ms
20 silly fetchPackageMetaData error for webpack-dev-server@-3 No matching version found for webpack-dev-server@-3.
21 silly registry:manifest no matching version for webpack-dev-server@-3 in the cache. Forcing revalidation.
22 http fetch GET 304 https://registry.npmjs.org/webpack-dev-server 54ms (from cache)
23 silly fetchPackageMetaData error for webpack-dev-server@-3 No matching version found for webpack-dev-server@-3.
24 timing stage:rollbackFailedOptional Completed in 0ms
25 timing stage:runTopLevelLifecycles Completed in 6125ms
26 silly saveTree my-app@1.0.0
26 silly saveTree ├── @ant-design/dark-theme@2.0.2
26 silly saveTree ├─┬ @ant-design/icons@4.7.0
26 silly saveTree │ ├─┬ @ant-design/colors@6.0.0
26 silly saveTree │ │ └── @ctrl/tinycolor@3.4.0
26 silly saveTree │ ├── @ant-design/icons-svg@4.2.1
26 silly saveTree │ ├─┬ @babel/runtime@7.17.8
26 silly saveTree │ │ └── regenerator-runtime@0.13.9
26 silly saveTree │ ├── classnames@2.3.1
26 silly saveTree │ └─┬ rc-util@5.19.3
26 silly saveTree │   ├── react-is@16.13.1
26 silly saveTree │   └── shallowequal@1.1.0
26 silly saveTree ├─┬ @babel/core@7.17.8
26 silly saveTree │ ├─┬ @ampproject/remapping@2.1.2
26 silly saveTree │ │ └─┬ @jridgewell/trace-mapping@0.3.4
26 silly saveTree │ │   ├── @jridgewell/resolve-uri@3.0.5
26 silly saveTree │ │   └── @jridgewell/sourcemap-codec@1.4.11
26 silly saveTree │ ├─┬ @babel/code-frame@7.16.7
26 silly saveTree │ │ └─┬ @babel/highlight@7.16.10
26 silly saveTree │ │   ├── @babel/helper-validator-identifier@7.16.7
26 silly saveTree │ │   ├─┬ chalk@2.4.2
26 silly saveTree │ │   │ ├─┬ ansi-styles@3.2.1
26 silly saveTree │ │   │ │ └─┬ color-convert@1.9.3
26 silly saveTree │ │   │ │   └── color-name@1.1.3
26 silly saveTree │ │   │ ├── escape-string-regexp@1.0.5
26 silly saveTree │ │   │ └─┬ supports-color@5.5.0
26 silly saveTree │ │   │   └── has-flag@3.0.0
26 silly saveTree │ │   └── js-tokens@4.0.0
26 silly saveTree │ ├─┬ @babel/generator@7.17.7
26 silly saveTree │ │ ├─┬ @babel/types@7.17.0
26 silly saveTree │ │ │ └── to-fast-properties@2.0.0
26 silly saveTree │ │ ├── jsesc@2.5.2
26 silly saveTree │ │ └── source-map@0.5.7
26 silly saveTree │ ├─┬ @babel/helper-compilation-targets@7.17.7
26 silly saveTree │ │ ├── @babel/compat-data@7.17.7
26 silly saveTree │ │ ├── @babel/helper-validator-option@7.16.7
26 silly saveTree │ │ ├─┬ browserslist@4.20.2
26 silly saveTree │ │ │ ├── caniuse-lite@1.0.30001324
26 silly saveTree │ │ │ ├── electron-to-chromium@1.4.103
26 silly saveTree │ │ │ ├── escalade@3.1.1
26 silly saveTree │ │ │ ├── node-releases@2.0.2
26 silly saveTree │ │ │ └── picocolors@1.0.0
26 silly saveTree │ │ └── semver@6.3.0
26 silly saveTree │ ├─┬ @babel/helper-module-transforms@7.17.7
26 silly saveTree │ │ ├── @babel/helper-environment-visitor@7.16.7
26 silly saveTree │ │ ├── @babel/helper-module-imports@7.16.7
26 silly saveTree │ │ ├── @babel/helper-simple-access@7.17.7
26 silly saveTree │ │ ├── @babel/helper-split-export-declaration@7.16.7
26 silly saveTree │ │ ├─┬ @babel/template@7.16.7
26 silly saveTree │ │ │ └── @babel/parser@7.17.8
26 silly saveTree │ │ └─┬ @babel/traverse@7.17.3
26 silly saveTree │ │   ├─┬ @babel/helper-function-name@7.16.7
26 silly saveTree │ │   │ └── @babel/helper-get-function-arity@7.16.7
26 silly saveTree │ │   ├── @babel/helper-hoist-variables@7.16.7
26 silly saveTree │ │   ├─┬ debug@4.3.4
26 silly saveTree │ │   │ └── ms@2.1.2
26 silly saveTree │ │   └── globals@11.12.0
26 silly saveTree │ ├── @babel/helpers@7.17.8
26 silly saveTree │ ├── @babel/parser@7.17.8
26 silly saveTree │ ├── @babel/template@7.16.7
26 silly saveTree │ ├── @babel/traverse@7.17.3
26 silly saveTree │ ├── @babel/types@7.17.0
26 silly saveTree │ ├─┬ convert-source-map@1.8.0
26 silly saveTree │ │ └── safe-buffer@5.1.2
26 silly saveTree │ ├── debug@4.3.4
26 silly saveTree │ ├── gensync@1.0.0-beta.2
26 silly saveTree │ ├── json5@2.2.1
26 silly saveTree │ └── semver@6.3.0
26 silly saveTree ├─┬ @babel/plugin-proposal-class-properties@7.16.7
26 silly saveTree │ ├─┬ @babel/helper-create-class-features-plugin@7.17.6
26 silly saveTree │ │ ├── @babel/helper-annotate-as-pure@7.16.7
26 silly saveTree │ │ ├── @babel/helper-member-expression-to-functions@7.17.7
26 silly saveTree │ │ ├── @babel/helper-optimise-call-expression@7.16.7
26 silly saveTree │ │ └── @babel/helper-replace-supers@7.16.7
26 silly saveTree │ └── @babel/helper-plugin-utils@7.16.7
26 silly saveTree ├─┬ @babel/preset-env@7.16.11
26 silly saveTree │ ├── @babel/plugin-bugfix-safari-id-destructuring-collision-in-function-expression@7.16.7
26 silly saveTree │ ├─┬ @babel/plugin-bugfix-v8-spread-parameters-in-optional-chaining@7.16.7
26 silly saveTree │ │ ├── @babel/helper-skip-transparent-expression-wrappers@7.16.0
26 silly saveTree │ │ └─┬ @babel/plugin-proposal-optional-chaining@7.16.7
26 silly saveTree │ │   └── @babel/plugin-syntax-optional-chaining@7.8.3
26 silly saveTree │ ├─┬ @babel/plugin-proposal-async-generator-functions@7.16.8
26 silly saveTree │ │ ├─┬ @babel/helper-remap-async-to-generator@7.16.8
26 silly saveTree │ │ │ └── @babel/helper-wrap-function@7.16.8
26 silly saveTree │ │ └── @babel/plugin-syntax-async-generators@7.8.4
26 silly saveTree │ ├─┬ @babel/plugin-proposal-class-static-block@7.17.6
26 silly saveTree │ │ └── @babel/plugin-syntax-class-static-block@7.14.5
26 silly saveTree │ ├─┬ @babel/plugin-proposal-dynamic-import@7.16.7
26 silly saveTree │ │ └── @babel/plugin-syntax-dynamic-import@7.8.3
26 silly saveTree │ ├─┬ @babel/plugin-proposal-export-namespace-from@7.16.7
26 silly saveTree │ │ └── @babel/plugin-syntax-export-namespace-from@7.8.3
26 silly saveTree │ ├─┬ @babel/plugin-proposal-json-strings@7.16.7
26 silly saveTree │ │ └── @babel/plugin-syntax-json-strings@7.8.3
26 silly saveTree │ ├─┬ @babel/plugin-proposal-logical-assignment-operators@7.16.7
26 silly saveTree │ │ └── @babel/plugin-syntax-logical-assignment-operators@7.10.4
26 silly saveTree │ ├─┬ @babel/plugin-proposal-nullish-coalescing-operator@7.16.7
26 silly saveTree │ │ └── @babel/plugin-syntax-nullish-coalescing-operator@7.8.3
26 silly saveTree │ ├─┬ @babel/plugin-proposal-numeric-separator@7.16.7
26 silly saveTree │ │ └── @babel/plugin-syntax-numeric-separator@7.10.4
26 silly saveTree │ ├─┬ @babel/plugin-proposal-object-rest-spread@7.17.3
26 silly saveTree │ │ ├── @babel/plugin-syntax-object-rest-spread@7.8.3
26 silly saveTree │ │ └── @babel/plugin-transform-parameters@7.16.7
26 silly saveTree │ ├─┬ @babel/plugin-proposal-optional-catch-binding@7.16.7
26 silly saveTree │ │ └── @babel/plugin-syntax-optional-catch-binding@7.8.3
26 silly saveTree │ ├── @babel/plugin-proposal-optional-chaining@7.16.7
26 silly saveTree │ ├── @babel/plugin-proposal-private-methods@7.16.11
26 silly saveTree │ ├─┬ @babel/plugin-proposal-private-property-in-object@7.16.7
26 silly saveTree │ │ └── @babel/plugin-syntax-private-property-in-object@7.14.5
26 silly saveTree │ ├─┬ @babel/plugin-proposal-unicode-property-regex@7.16.7
26 silly saveTree │ │ └─┬ @babel/helper-create-regexp-features-plugin@7.17.0
26 silly saveTree │ │   └─┬ regexpu-core@5.0.1
26 silly saveTree │ │     ├─┬ regenerate-unicode-properties@10.0.1
26 silly saveTree │ │     │ └── regenerate@1.4.2
26 silly saveTree │ │     ├── regenerate@1.4.2
26 silly saveTree │ │     ├── regjsgen@0.6.0
26 silly saveTree │ │     ├─┬ regjsparser@0.8.4
26 silly saveTree │ │     │ └── jsesc@0.5.0
26 silly saveTree │ │     ├─┬ unicode-match-property-ecmascript@2.0.0
26 silly saveTree │ │     │ ├── unicode-canonical-property-names-ecmascript@2.0.0
26 silly saveTree │ │     │ └── unicode-property-aliases-ecmascript@2.0.0
26 silly saveTree │ │     └── unicode-match-property-value-ecmascript@2.0.0
26 silly saveTree │ ├── @babel/plugin-syntax-async-generators@7.8.4
26 silly saveTree │ ├── @babel/plugin-syntax-class-properties@7.12.13
26 silly saveTree │ ├── @babel/plugin-syntax-class-static-block@7.14.5
26 silly saveTree │ ├── @babel/plugin-syntax-dynamic-import@7.8.3
26 silly saveTree │ ├── @babel/plugin-syntax-export-namespace-from@7.8.3
26 silly saveTree │ ├── @babel/plugin-syntax-json-strings@7.8.3
26 silly saveTree │ ├── @babel/plugin-syntax-logical-assignment-operators@7.10.4
26 silly saveTree │ ├── @babel/plugin-syntax-nullish-coalescing-operator@7.8.3
26 silly saveTree │ ├── @babel/plugin-syntax-numeric-separator@7.10.4
26 silly saveTree │ ├── @babel/plugin-syntax-object-rest-spread@7.8.3
26 silly saveTree │ ├── @babel/plugin-syntax-optional-catch-binding@7.8.3
26 silly saveTree │ ├── @babel/plugin-syntax-optional-chaining@7.8.3
26 silly saveTree │ ├── @babel/plugin-syntax-private-property-in-object@7.14.5
26 silly saveTree │ ├── @babel/plugin-syntax-top-level-await@7.14.5
26 silly saveTree │ ├── @babel/plugin-transform-arrow-functions@7.16.7
26 silly saveTree │ ├── @babel/plugin-transform-async-to-generator@7.16.8
26 silly saveTree │ ├── @babel/plugin-transform-block-scoped-functions@7.16.7
26 silly saveTree │ ├── @babel/plugin-transform-block-scoping@7.16.7
26 silly saveTree │ ├── @babel/plugin-transform-classes@7.16.7
26 silly saveTree │ ├── @babel/plugin-transform-computed-properties@7.16.7
26 silly saveTree │ ├── @babel/plugin-transform-destructuring@7.17.7
26 silly saveTree │ ├── @babel/plugin-transform-dotall-regex@7.16.7
26 silly saveTree │ ├── @babel/plugin-transform-duplicate-keys@7.16.7
26 silly saveTree │ ├─┬ @babel/plugin-transform-exponentiation-operator@7.16.7
26 silly saveTree │ │ └─┬ @babel/helper-builder-binary-assignment-operator-visitor@7.16.7
26 silly saveTree │ │   └── @babel/helper-explode-assignable-expression@7.16.7
26 silly saveTree │ ├── @babel/plugin-transform-for-of@7.16.7
26 silly saveTree │ ├── @babel/plugin-transform-function-name@7.16.7
26 silly saveTree │ ├── @babel/plugin-transform-literals@7.16.7
26 silly saveTree │ ├── @babel/plugin-transform-member-expression-literals@7.16.7
26 silly saveTree │ ├─┬ @babel/plugin-transform-modules-amd@7.16.7
26 silly saveTree │ │ └─┬ babel-plugin-dynamic-import-node@2.3.3
26 silly saveTree │ │   └─┬ object.assign@4.1.2
26 silly saveTree │ │     ├─┬ call-bind@1.0.2
26 silly saveTree │ │     │ ├── function-bind@1.1.1
26 silly saveTree │ │     │ └─┬ get-intrinsic@1.1.1
26 silly saveTree │ │     │   ├── has-symbols@1.0.3
26 silly saveTree │ │     │   └── has@1.0.3
26 silly saveTree │ │     ├─┬ define-properties@1.1.3
26 silly saveTree │ │     │ └── object-keys@1.1.1
26 silly saveTree │ │     ├── has-symbols@1.0.3
26 silly saveTree │ │     └── object-keys@1.1.1
26 silly saveTree │ ├── @babel/plugin-transform-modules-commonjs@7.17.7
26 silly saveTree │ ├── @babel/plugin-transform-modules-systemjs@7.17.8
26 silly saveTree │ ├── @babel/plugin-transform-modules-umd@7.16.7
26 silly saveTree │ ├── @babel/plugin-transform-named-capturing-groups-regex@7.16.8
26 silly saveTree │ ├── @babel/plugin-transform-new-target@7.16.7
26 silly saveTree │ ├── @babel/plugin-transform-object-super@7.16.7
26 silly saveTree │ ├── @babel/plugin-transform-parameters@7.16.7
26 silly saveTree │ ├── @babel/plugin-transform-property-literals@7.16.7
26 silly saveTree │ ├─┬ @babel/plugin-transform-regenerator@7.16.7
26 silly saveTree │ │ └── regenerator-transform@0.14.5
26 silly saveTree │ ├── @babel/plugin-transform-reserved-words@7.16.7
26 silly saveTree │ ├── @babel/plugin-transform-shorthand-properties@7.16.7
26 silly saveTree │ ├── @babel/plugin-transform-spread@7.16.7
26 silly saveTree │ ├── @babel/plugin-transform-sticky-regex@7.16.7
26 silly saveTree │ ├── @babel/plugin-transform-template-literals@7.16.7
26 silly saveTree │ ├── @babel/plugin-transform-typeof-symbol@7.16.7
26 silly saveTree │ ├── @babel/plugin-transform-unicode-escapes@7.16.7
26 silly saveTree │ ├── @babel/plugin-transform-unicode-regex@7.16.7
26 silly saveTree │ ├─┬ @babel/preset-modules@0.1.5
26 silly saveTree │ │ └── esutils@2.0.3
26 silly saveTree │ ├─┬ babel-plugin-polyfill-corejs2@0.3.1
26 silly saveTree │ │ └─┬ @babel/helper-define-polyfill-provider@0.3.1
26 silly saveTree │ │   ├── lodash.debounce@4.0.8
26 silly saveTree │ │   └─┬ resolve@1.22.0
26 silly saveTree │ │     ├── is-core-module@2.8.1
26 silly saveTree │ │     ├── path-parse@1.0.7
26 silly saveTree │ │     └── supports-preserve-symlinks-flag@1.0.0
26 silly saveTree │ ├─┬ babel-plugin-polyfill-corejs3@0.5.2
26 silly saveTree │ │ └─┬ core-js-compat@3.21.1
26 silly saveTree │ │   └── semver@7.0.0
26 silly saveTree │ ├── babel-plugin-polyfill-regenerator@0.3.1
26 silly saveTree │ └── core-js-compat@3.21.1
26 silly saveTree ├─┬ @babel/preset-react@7.16.7
26 silly saveTree │ ├── @babel/plugin-transform-react-display-name@7.16.7
26 silly saveTree │ ├─┬ @babel/plugin-transform-react-jsx-development@7.16.7
26 silly saveTree │ │ └─┬ @babel/plugin-transform-react-jsx@7.17.3
26 silly saveTree │ │   └── @babel/plugin-syntax-jsx@7.16.7
26 silly saveTree │ ├── @babel/plugin-transform-react-jsx@7.17.3
26 silly saveTree │ └── @babel/plugin-transform-react-pure-annotations@7.16.7
26 silly saveTree ├─┬ @hot-loader/react-dom@16.14.0
26 silly saveTree │ ├── loose-envify@1.4.0
26 silly saveTree │ ├── object-assign@4.1.1
26 silly saveTree │ ├── prop-types@15.8.1
26 silly saveTree │ └── scheduler@0.19.1
26 silly saveTree ├─┬ @svgr/webpack@6.2.1
26 silly saveTree │ ├── @babel/plugin-transform-react-constant-elements@7.17.6
26 silly saveTree │ ├─┬ @babel/preset-typescript@7.16.7
26 silly saveTree │ │ └─┬ @babel/plugin-transform-typescript@7.16.8
26 silly saveTree │ │   └── @babel/plugin-syntax-typescript@7.16.7
26 silly saveTree │ ├─┬ @svgr/core@6.2.1
26 silly saveTree │ │ ├─┬ @svgr/plugin-jsx@6.2.1
26 silly saveTree │ │ │ ├─┬ @svgr/babel-preset@6.2.0
26 silly saveTree │ │ │ │ ├── @svgr/babel-plugin-add-jsx-attribute@6.0.0
26 silly saveTree │ │ │ │ ├── @svgr/babel-plugin-remove-jsx-attribute@6.0.0
26 silly saveTree │ │ │ │ ├── @svgr/babel-plugin-remove-jsx-empty-expression@6.0.0
26 silly saveTree │ │ │ │ ├── @svgr/babel-plugin-replace-jsx-attribute-value@6.0.0
26 silly saveTree │ │ │ │ ├── @svgr/babel-plugin-svg-dynamic-title@6.0.0
26 silly saveTree │ │ │ │ ├── @svgr/babel-plugin-svg-em-dimensions@6.0.0
26 silly saveTree │ │ │ │ ├── @svgr/babel-plugin-transform-react-native-svg@6.0.0
26 silly saveTree │ │ │ │ └── @svgr/babel-plugin-transform-svg-component@6.2.0
26 silly saveTree │ │ │ ├─┬ @svgr/hast-util-to-babel-ast@6.2.1
26 silly saveTree │ │ │ │ └── entities@3.0.1
26 silly saveTree │ │ │ └── svg-parser@2.0.4
26 silly saveTree │ │ ├── camelcase@6.3.0
26 silly saveTree │ │ └─┬ cosmiconfig@7.0.1
26 silly saveTree │ │   ├── @types/parse-json@4.0.0
26 silly saveTree │ │   ├─┬ import-fresh@3.3.0
26 silly saveTree │ │   │ ├─┬ parent-module@1.0.1
26 silly saveTree │ │   │ │ └── callsites@3.1.0
26 silly saveTree │ │   │ └── resolve-from@4.0.0
26 silly saveTree │ │   ├─┬ parse-json@5.2.0
26 silly saveTree │ │   │ ├─┬ error-ex@1.3.2
26 silly saveTree │ │   │ │ └── is-arrayish@0.2.1
26 silly saveTree │ │   │ ├── json-parse-even-better-errors@2.3.1
26 silly saveTree │ │   │ └── lines-and-columns@1.2.4
26 silly saveTree │ │   ├── path-type@4.0.0
26 silly saveTree │ │   └── yaml@1.10.2
26 silly saveTree │ ├── @svgr/plugin-jsx@6.2.1
26 silly saveTree │ └─┬ @svgr/plugin-svgo@6.2.0
26 silly saveTree │   ├── deepmerge@4.2.2
26 silly saveTree │   └─┬ svgo@2.8.0
26 silly saveTree │     ├── @trysound/sax@0.2.0
26 silly saveTree │     ├── commander@7.2.0
26 silly saveTree │     ├─┬ css-select@4.3.0
26 silly saveTree │     │ ├── boolbase@1.0.0
26 silly saveTree │     │ ├── css-what@6.1.0
26 silly saveTree │     │ ├─┬ domhandler@4.3.1
26 silly saveTree │     │ │ └── domelementtype@2.2.0
26 silly saveTree │     │ ├─┬ domutils@2.8.0
26 silly saveTree │     │ │ ├─┬ dom-serializer@1.3.2
26 silly saveTree │     │ │ │ ├── domelementtype@2.2.0
26 silly saveTree │     │ │ │ └── entities@2.2.0
26 silly saveTree │     │ │ └── domelementtype@2.2.0
26 silly saveTree │     │ └── nth-check@2.0.1
26 silly saveTree │     ├─┬ css-tree@1.1.3
26 silly saveTree │     │ ├── mdn-data@2.0.14
26 silly saveTree │     │ └── source-map@0.6.1
26 silly saveTree │     ├── csso@4.2.0
26 silly saveTree │     └── stable@0.1.8
26 silly saveTree ├── @webpack-cli/serve@1.6.1
26 silly saveTree ├─┬ antd@4.19.5
26 silly saveTree │ ├─┬ @ant-design/react-slick@0.28.4
26 silly saveTree │ │ ├─┬ json2mq@0.2.0
26 silly saveTree │ │ │ └── string-convert@0.2.1
26 silly saveTree │ │ ├── lodash@4.17.21
26 silly saveTree │ │ └── resize-observer-polyfill@1.5.1
26 silly saveTree │ ├─┬ copy-to-clipboard@3.3.1
26 silly saveTree │ │ └── toggle-selection@1.0.6
26 silly saveTree │ ├── lodash@4.17.21
26 silly saveTree │ ├── memoize-one@6.0.0
26 silly saveTree │ ├── moment@2.29.2
26 silly saveTree │ ├─┬ rc-cascader@3.2.9
26 silly saveTree │ │ ├── array-tree-filter@2.1.0
26 silly saveTree │ │ ├─┬ rc-select@14.0.6
26 silly saveTree │ │ │ ├── rc-motion@2.4.6
26 silly saveTree │ │ │ ├─┬ rc-overflow@1.2.4
26 silly saveTree │ │ │ │ └── rc-resize-observer@1.2.0
26 silly saveTree │ │ │ ├─┬ rc-trigger@5.2.11
26 silly saveTree │ │ │ │ └─┬ rc-align@4.0.11
26 silly saveTree │ │ │ │   └── dom-align@1.12.2
26 silly saveTree │ │ │ └── rc-virtual-list@3.4.6
26 silly saveTree │ │ └── rc-tree@5.4.4
26 silly saveTree │ ├── rc-checkbox@2.3.2
26 silly saveTree │ ├── rc-collapse@3.1.2
26 silly saveTree │ ├── rc-dialog@8.6.0
26 silly saveTree │ ├── rc-drawer@4.4.3
26 silly saveTree │ ├── rc-dropdown@3.3.3
26 silly saveTree │ ├─┬ rc-field-form@1.25.0
26 silly saveTree │ │ └── async-validator@4.0.7
26 silly saveTree │ ├── rc-image@5.2.5
26 silly saveTree │ ├── rc-input-number@7.3.4
26 silly saveTree │ ├── rc-input@0.0.1-alpha.6
26 silly saveTree │ ├─┬ rc-mentions@1.6.5
26 silly saveTree │ │ ├── rc-menu@9.3.2
26 silly saveTree │ │ └── rc-textarea@0.3.7
26 silly saveTree │ ├── rc-menu@9.3.2
26 silly saveTree │ ├── rc-motion@2.4.6
26 silly saveTree │ ├── rc-notification@4.5.7
26 silly saveTree │ ├── rc-pagination@3.1.15
26 silly saveTree │ ├─┬ rc-picker@2.6.5
26 silly saveTree │ │ ├── date-fns@2.28.0
26 silly saveTree │ │ └── dayjs@1.11.0
26 silly saveTree │ ├── rc-progress@3.2.4
26 silly saveTree │ ├── rc-rate@2.9.1
26 silly saveTree │ ├── rc-resize-observer@1.2.0
26 silly saveTree │ ├── rc-select@14.0.6
26 silly saveTree │ ├─┬ rc-slider@10.0.0-alpha.6
26 silly saveTree │ │ └── rc-tooltip@5.1.1
26 silly saveTree │ ├── rc-steps@4.1.4
26 silly saveTree │ ├── rc-switch@3.2.2
26 silly saveTree │ ├── rc-table@7.23.2
26 silly saveTree │ ├── rc-tabs@11.10.8
26 silly saveTree │ ├── rc-textarea@0.3.7
26 silly saveTree │ ├── rc-tooltip@5.1.1
26 silly saveTree │ ├── rc-tree-select@5.1.5
26 silly saveTree │ ├── rc-tree@5.4.4
26 silly saveTree │ ├── rc-trigger@5.2.11
26 silly saveTree │ ├── rc-upload@4.3.3
26 silly saveTree │ └─┬ scroll-into-view-if-needed@2.2.29
26 silly saveTree │   └── compute-scroll-into-view@1.0.17
26 silly saveTree ├─┬ babel-eslint@10.1.0
26 silly saveTree │ └── eslint-visitor-keys@1.3.0
26 silly saveTree ├─┬ babel-loader@8.2.4
26 silly saveTree │ ├─┬ find-cache-dir@3.3.2
26 silly saveTree │ │ ├── commondir@1.0.1
26 silly saveTree │ │ ├── make-dir@3.1.0
26 silly saveTree │ │ └─┬ pkg-dir@4.2.0
26 silly saveTree │ │   └─┬ find-up@4.1.0
26 silly saveTree │ │     ├─┬ locate-path@5.0.0
26 silly saveTree │ │     │ └─┬ p-locate@4.1.0
26 silly saveTree │ │     │   └─┬ p-limit@2.3.0
26 silly saveTree │ │     │     └── p-try@2.2.0
26 silly saveTree │ │     └── path-exists@4.0.0
26 silly saveTree │ ├─┬ loader-utils@2.0.2
26 silly saveTree │ │ ├── big.js@5.2.2
26 silly saveTree │ │ └── emojis-list@3.0.0
26 silly saveTree │ ├── make-dir@3.1.0
26 silly saveTree │ └─┬ schema-utils@2.7.1
26 silly saveTree │   ├── @types/json-schema@7.0.11
26 silly saveTree │   ├── ajv-keywords@3.5.2
26 silly saveTree │   └─┬ ajv@6.12.6
26 silly saveTree │     ├── fast-deep-equal@3.1.3
26 silly saveTree │     ├── fast-json-stable-stringify@2.1.0
26 silly saveTree │     ├── json-schema-traverse@0.4.1
26 silly saveTree │     └─┬ uri-js@4.4.1
26 silly saveTree │       └── punycode@2.1.1
26 silly saveTree ├── babel-plugin-import@1.13.3
26 silly saveTree ├── beautify-json@1.0.1
26 silly saveTree ├─┬ compression-webpack-plugin@4.0.1
26 silly saveTree │ ├─┬ cacache@15.3.0
26 silly saveTree │ │ ├─┬ @npmcli/fs@1.1.1
26 silly saveTree │ │ │ ├── @gar/promisify@1.1.3
26 silly saveTree │ │ │ └─┬ semver@7.3.5
26 silly saveTree │ │ │   └─┬ lru-cache@6.0.0
26 silly saveTree │ │ │     └── yallist@4.0.0
26 silly saveTree │ │ ├─┬ @npmcli/move-file@1.1.2
26 silly saveTree │ │ │ ├── mkdirp@1.0.4
26 silly saveTree │ │ │ └─┬ rimraf@3.0.2
26 silly saveTree │ │ │   └─┬ glob@7.2.0
26 silly saveTree │ │ │     ├── fs.realpath@1.0.0
26 silly saveTree │ │ │     ├─┬ inflight@1.0.6
26 silly saveTree │ │ │     │ ├─┬ once@1.4.0
26 silly saveTree │ │ │     │ │ └── wrappy@1.0.2
26 silly saveTree │ │ │     │ └── wrappy@1.0.2
26 silly saveTree │ │ │     ├── inherits@2.0.4
26 silly saveTree │ │ │     ├─┬ minimatch@3.1.2
26 silly saveTree │ │ │     │ └─┬ brace-expansion@1.1.11
26 silly saveTree │ │ │     │   ├── balanced-match@1.0.2
26 silly saveTree │ │ │     │   └── concat-map@0.0.1
26 silly saveTree │ │ │     ├── once@1.4.0
26 silly saveTree │ │ │     └── path-is-absolute@1.0.1
26 silly saveTree │ │ ├── chownr@2.0.0
26 silly saveTree │ │ ├─┬ fs-minipass@2.1.0
26 silly saveTree │ │ │ └── minipass@3.1.6
26 silly saveTree │ │ ├── glob@7.2.0
26 silly saveTree │ │ ├── infer-owner@1.0.4
26 silly saveTree │ │ ├── lru-cache@6.0.0
26 silly saveTree │ │ ├── minipass-collect@1.0.2
26 silly saveTree │ │ ├── minipass-flush@1.0.5
26 silly saveTree │ │ ├── minipass-pipeline@1.2.4
26 silly saveTree │ │ ├── minipass@3.1.6
26 silly saveTree │ │ ├── mkdirp@1.0.4
26 silly saveTree │ │ ├─┬ p-map@4.0.0
26 silly saveTree │ │ │ └─┬ aggregate-error@3.1.0
26 silly saveTree │ │ │   ├── clean-stack@2.2.0
26 silly saveTree │ │ │   └── indent-string@4.0.0
26 silly saveTree │ │ ├── promise-inflight@1.0.1
26 silly saveTree │ │ ├── rimraf@3.0.2
26 silly saveTree │ │ ├── ssri@8.0.1
26 silly saveTree │ │ ├─┬ tar@6.1.11
26 silly saveTree │ │ │ ├── minizlib@2.1.2
26 silly saveTree │ │ │ └── mkdirp@1.0.4
26 silly saveTree │ │ └─┬ unique-filename@1.1.1
26 silly saveTree │ │   └─┬ unique-slug@2.0.2
26 silly saveTree │ │     └── imurmurhash@0.1.4
26 silly saveTree │ ├─┬ serialize-javascript@4.0.0
26 silly saveTree │ │ └── randombytes@2.1.0
26 silly saveTree │ └─┬ webpack-sources@1.4.3
26 silly saveTree │   ├── source-list-map@2.0.1
26 silly saveTree │   └── source-map@0.6.1
26 silly saveTree ├─┬ copy-webpack-plugin@6.4.1
26 silly saveTree │ ├─┬ fast-glob@3.2.11
26 silly saveTree │ │ ├── @nodelib/fs.stat@2.0.5
26 silly saveTree │ │ ├─┬ @nodelib/fs.walk@1.2.8
26 silly saveTree │ │ │ ├─┬ @nodelib/fs.scandir@2.1.5
26 silly saveTree │ │ │ │ └─┬ run-parallel@1.2.0
26 silly saveTree │ │ │ │   └── queue-microtask@1.2.3
26 silly saveTree │ │ │ └─┬ fastq@1.13.0
26 silly saveTree │ │ │   └── reusify@1.0.4
26 silly saveTree │ │ ├─┬ glob-parent@5.1.2
26 silly saveTree │ │ │ └─┬ is-glob@4.0.3
26 silly saveTree │ │ │   └── is-extglob@2.1.1
26 silly saveTree │ │ ├── merge2@1.4.1
26 silly saveTree │ │ └─┬ micromatch@4.0.5
26 silly saveTree │ │   ├─┬ braces@3.0.2
26 silly saveTree │ │   │ └─┬ fill-range@7.0.1
26 silly saveTree │ │   │   └─┬ to-regex-range@5.0.1
26 silly saveTree │ │   │     └── is-number@7.0.0
26 silly saveTree │ │   └── picomatch@2.3.1
26 silly saveTree │ ├── glob-parent@5.1.2
26 silly saveTree │ ├─┬ globby@11.1.0
26 silly saveTree │ │ ├── array-union@2.1.0
26 silly saveTree │ │ ├── dir-glob@3.0.1
26 silly saveTree │ │ ├── ignore@5.2.0
26 silly saveTree │ │ └── slash@3.0.0
26 silly saveTree │ ├── normalize-path@3.0.0
26 silly saveTree │ ├─┬ p-limit@3.1.0
26 silly saveTree │ │ └── yocto-queue@0.1.0
26 silly saveTree │ ├── schema-utils@3.1.1
26 silly saveTree │ └── serialize-javascript@5.0.1
26 silly saveTree ├─┬ css-loader@3.6.0
26 silly saveTree │ ├── camelcase@5.3.1
26 silly saveTree │ ├── cssesc@3.0.0
26 silly saveTree │ ├─┬ icss-utils@4.1.1
26 silly saveTree │ │ └─┬ postcss@7.0.39
26 silly saveTree │ │   ├── picocolors@0.2.1
26 silly saveTree │ │   └── source-map@0.6.1
26 silly saveTree │ ├─┬ loader-utils@1.4.0
26 silly saveTree │ │ └─┬ json5@1.0.1
26 silly saveTree │ │   └── minimist@1.2.6
26 silly saveTree │ ├── postcss-modules-extract-imports@2.0.0
26 silly saveTree │ ├─┬ postcss-modules-local-by-default@3.0.3
26 silly saveTree │ │ ├─┬ postcss-selector-parser@6.0.10
26 silly saveTree │ │ │ └── util-deprecate@1.0.2
26 silly saveTree │ │ └── postcss-value-parser@4.2.0
26 silly saveTree │ ├── postcss-modules-scope@2.2.0
26 silly saveTree │ ├── postcss-modules-values@3.0.0
26 silly saveTree │ ├── postcss-value-parser@4.2.0
26 silly saveTree │ └── postcss@7.0.39
26 silly saveTree ├─┬ eslint-config-airbnb@18.2.1
26 silly saveTree │ ├─┬ eslint-config-airbnb-base@14.2.1
26 silly saveTree │ │ ├── confusing-browser-globals@1.0.11
26 silly saveTree │ │ └─┬ object.entries@1.1.5
26 silly saveTree │ │   └─┬ es-abstract@1.19.2
26 silly saveTree │ │     ├─┬ es-to-primitive@1.2.1
26 silly saveTree │ │     │ ├── is-callable@1.2.4
26 silly saveTree │ │     │ ├─┬ is-date-object@1.0.5
26 silly saveTree │ │     │ │ └── has-tostringtag@1.0.0
26 silly saveTree │ │     │ └── is-symbol@1.0.4
26 silly saveTree │ │     ├── get-symbol-description@1.0.0
26 silly saveTree │ │     ├─┬ internal-slot@1.0.3
26 silly saveTree │ │     │ └─┬ side-channel@1.0.4
26 silly saveTree │ │     │   └── object-inspect@1.12.0
26 silly saveTree │ │     ├── is-callable@1.2.4
26 silly saveTree │ │     ├── is-negative-zero@2.0.2
26 silly saveTree │ │     ├── is-regex@1.1.4
26 silly saveTree │ │     ├── is-shared-array-buffer@1.0.2
26 silly saveTree │ │     ├── is-string@1.0.7
26 silly saveTree │ │     ├── is-weakref@1.0.2
26 silly saveTree │ │     ├── object-inspect@1.12.0
26 silly saveTree │ │     ├── string.prototype.trimend@1.0.4
26 silly saveTree │ │     ├── string.prototype.trimstart@1.0.4
26 silly saveTree │ │     └─┬ unbox-primitive@1.0.1
26 silly saveTree │ │       ├── has-bigints@1.0.1
26 silly saveTree │ │       └─┬ which-boxed-primitive@1.0.2
26 silly saveTree │ │         ├── is-bigint@1.0.4
26 silly saveTree │ │         ├── is-boolean-object@1.1.2
26 silly saveTree │ │         └── is-number-object@1.0.7
26 silly saveTree │ └── object.entries@1.1.5
26 silly saveTree ├─┬ eslint-config-prettier@6.15.0
26 silly saveTree │ └── get-stdin@6.0.0
26 silly saveTree ├─┬ eslint-plugin-import@2.25.4
26 silly saveTree │ ├── array-includes@3.1.4
26 silly saveTree │ ├── array.prototype.flat@1.2.5
26 silly saveTree │ ├─┬ debug@2.6.9
26 silly saveTree │ │ └── ms@2.0.0
26 silly saveTree │ ├── doctrine@2.1.0
26 silly saveTree │ ├─┬ eslint-import-resolver-node@0.3.6
26 silly saveTree │ │ └── debug@3.2.7
26 silly saveTree │ ├─┬ eslint-module-utils@2.7.3
26 silly saveTree │ │ ├── debug@3.2.7
26 silly saveTree │ │ └─┬ find-up@2.1.0
26 silly saveTree │ │   └─┬ locate-path@2.0.0
26 silly saveTree │ │     ├─┬ p-locate@2.0.0
26 silly saveTree │ │     │ └─┬ p-limit@1.3.0
26 silly saveTree │ │     │   └── p-try@1.0.0
26 silly saveTree │ │     └── path-exists@3.0.0
26 silly saveTree │ ├── object.values@1.1.5
26 silly saveTree │ └─┬ tsconfig-paths@3.14.1
26 silly saveTree │   ├── @types/json5@0.0.29
26 silly saveTree │   ├── json5@1.0.1
26 silly saveTree │   └── strip-bom@3.0.0
26 silly saveTree ├─┬ eslint-plugin-jsx-a11y@6.5.1
26 silly saveTree │ ├─┬ aria-query@4.2.2
26 silly saveTree │ │ └─┬ @babel/runtime-corejs3@7.17.8
26 silly saveTree │ │   └── core-js-pure@3.21.1
26 silly saveTree │ ├── ast-types-flow@0.0.7
26 silly saveTree │ ├── axe-core@4.4.1
26 silly saveTree │ ├── axobject-query@2.2.0
26 silly saveTree │ ├── damerau-levenshtein@1.0.8
26 silly saveTree │ ├── emoji-regex@9.2.2
26 silly saveTree │ ├── jsx-ast-utils@3.2.2
26 silly saveTree │ └─┬ language-tags@1.0.5
26 silly saveTree │   └── language-subtag-registry@0.3.21
26 silly saveTree ├─┬ eslint-plugin-prettier@3.4.1
26 silly saveTree │ └─┬ prettier-linter-helpers@1.0.0
26 silly saveTree │   └── fast-diff@1.2.0
26 silly saveTree ├── eslint-plugin-react-hooks@4.4.0
26 silly saveTree ├─┬ eslint-plugin-react@7.29.4
26 silly saveTree │ ├── array.prototype.flatmap@1.2.5
26 silly saveTree │ ├── doctrine@2.1.0
26 silly saveTree │ ├── estraverse@5.3.0
26 silly saveTree │ ├── object.fromentries@2.0.5
26 silly saveTree │ ├── object.hasown@1.1.0
26 silly saveTree │ ├── resolve@2.0.0-next.3
26 silly saveTree │ └─┬ string.prototype.matchall@4.0.7
26 silly saveTree │   └── regexp.prototype.flags@1.4.1
26 silly saveTree ├─┬ eslint@7.32.0
26 silly saveTree │ ├── @babel/code-frame@7.12.11
26 silly saveTree │ ├─┬ @eslint/eslintrc@0.4.3
26 silly saveTree │ │ ├─┬ espree@7.3.1
26 silly saveTree │ │ │ ├── acorn-jsx@5.3.2
26 silly saveTree │ │ │ └── acorn@7.4.1
26 silly saveTree │ │ ├─┬ globals@13.13.0
26 silly saveTree │ │ │ └── type-fest@0.20.2
26 silly saveTree │ │ ├── ignore@4.0.6
26 silly saveTree │ │ ├─┬ js-yaml@3.14.1
26 silly saveTree │ │ │ ├─┬ argparse@1.0.10
26 silly saveTree │ │ │ │ └── sprintf-js@1.0.3
26 silly saveTree │ │ │ └── esprima@4.0.1
26 silly saveTree │ │ └── strip-json-comments@3.1.1
26 silly saveTree │ ├─┬ @humanwhocodes/config-array@0.5.0
26 silly saveTree │ │ └── @humanwhocodes/object-schema@1.2.1
26 silly saveTree │ ├─┬ chalk@4.1.2
26 silly saveTree │ │ ├─┬ ansi-styles@4.3.0
26 silly saveTree │ │ │ └─┬ color-convert@2.0.1
26 silly saveTree │ │ │   └── color-name@1.1.4
26 silly saveTree │ │ └─┬ supports-color@7.2.0
26 silly saveTree │ │   └── has-flag@4.0.0
26 silly saveTree │ ├─┬ cross-spawn@7.0.3
26 silly saveTree │ │ ├── path-key@3.1.1
26 silly saveTree │ │ ├─┬ shebang-command@2.0.0
26 silly saveTree │ │ │ └── shebang-regex@3.0.0
26 silly saveTree │ │ └─┬ which@2.0.2
26 silly saveTree │ │   └── isexe@2.0.0
26 silly saveTree │ ├── doctrine@3.0.0
26 silly saveTree │ ├─┬ enquirer@2.3.6
26 silly saveTree │ │ └── ansi-colors@4.1.1
26 silly saveTree │ ├── escape-string-regexp@4.0.0
26 silly saveTree │ ├─┬ eslint-scope@5.1.1
26 silly saveTree │ │ ├─┬ esrecurse@4.3.0
26 silly saveTree │ │ │ └── estraverse@5.3.0
26 silly saveTree │ │ └── estraverse@4.3.0
26 silly saveTree │ ├── eslint-utils@2.1.0
26 silly saveTree │ ├── eslint-visitor-keys@2.1.0
26 silly saveTree │ ├── espree@7.3.1
26 silly saveTree │ ├─┬ esquery@1.4.0
26 silly saveTree │ │ └── estraverse@5.3.0
26 silly saveTree │ ├─┬ file-entry-cache@6.0.1
26 silly saveTree │ │ └─┬ flat-cache@3.0.4
26 silly saveTree │ │   └── flatted@3.2.5
26 silly saveTree │ ├── functional-red-black-tree@1.0.1
26 silly saveTree │ ├── globals@13.13.0
26 silly saveTree │ ├── ignore@4.0.6
26 silly saveTree │ ├── js-yaml@3.14.1
26 silly saveTree │ ├── json-stable-stringify-without-jsonify@1.0.1
26 silly saveTree │ ├─┬ levn@0.4.1
26 silly saveTree │ │ ├── prelude-ls@1.2.1
26 silly saveTree │ │ └── type-check@0.4.0
26 silly saveTree │ ├── lodash.merge@4.6.2
26 silly saveTree │ ├── natural-compare@1.4.0
26 silly saveTree │ ├─┬ optionator@0.9.1
26 silly saveTree │ │ ├── deep-is@0.1.4
26 silly saveTree │ │ ├── fast-levenshtein@2.0.6
26 silly saveTree │ │ └── word-wrap@1.2.3
26 silly saveTree │ ├── progress@2.0.3
26 silly saveTree │ ├── regexpp@3.2.0
26 silly saveTree │ ├── semver@7.3.5
26 silly saveTree │ ├─┬ strip-ansi@6.0.1
26 silly saveTree │ │ └── ansi-regex@5.0.1
26 silly saveTree │ ├── strip-json-comments@3.1.1
26 silly saveTree │ ├─┬ table@6.8.0
26 silly saveTree │ │ ├─┬ ajv@8.11.0
26 silly saveTree │ │ │ ├── json-schema-traverse@1.0.0
26 silly saveTree │ │ │ └── require-from-string@2.0.2
26 silly saveTree │ │ ├── lodash.truncate@4.4.2
26 silly saveTree │ │ ├─┬ slice-ansi@4.0.0
26 silly saveTree │ │ │ ├─┬ ansi-styles@4.3.0
26 silly saveTree │ │ │ │ └─┬ color-convert@2.0.1
26 silly saveTree │ │ │ │   └── color-name@1.1.4
26 silly saveTree │ │ │ ├── astral-regex@2.0.0
26 silly saveTree │ │ │ └── is-fullwidth-code-point@3.0.0
26 silly saveTree │ │ └─┬ string-width@4.2.3
26 silly saveTree │ │   └── emoji-regex@8.0.0
26 silly saveTree │ ├── text-table@0.2.0
26 silly saveTree │ └── v8-compile-cache@2.3.0
26 silly saveTree ├─┬ html-webpack-plugin@4.5.2
26 silly saveTree │ ├── @types/html-minifier-terser@5.1.2
26 silly saveTree │ ├── @types/tapable@1.0.8
26 silly saveTree │ ├─┬ @types/webpack@4.41.32
26 silly saveTree │ │ ├── @types/node@17.0.23
26 silly saveTree │ │ ├─┬ @types/uglify-js@3.13.1
26 silly saveTree │ │ │ └── source-map@0.6.1
26 silly saveTree │ │ ├─┬ @types/webpack-sources@3.2.0
26 silly saveTree │ │ │ ├── @types/source-list-map@0.1.2
26 silly saveTree │ │ │ └── source-map@0.7.3
26 silly saveTree │ │ ├── anymatch@3.1.2
26 silly saveTree │ │ └── source-map@0.6.1
26 silly saveTree │ ├─┬ html-minifier-terser@5.1.1
26 silly saveTree │ │ ├─┬ camel-case@4.1.2
26 silly saveTree │ │ │ ├─┬ pascal-case@3.1.2
26 silly saveTree │ │ │ │ ├─┬ no-case@3.0.4
26 silly saveTree │ │ │ │ │ ├─┬ lower-case@2.0.2
26 silly saveTree │ │ │ │ │ │ └── tslib@2.3.1
26 silly saveTree │ │ │ │ │ └── tslib@2.3.1
26 silly saveTree │ │ │ │ └── tslib@2.3.1
26 silly saveTree │ │ │ └── tslib@2.3.1
26 silly saveTree │ │ ├─┬ clean-css@4.2.4
26 silly saveTree │ │ │ └── source-map@0.6.1
26 silly saveTree │ │ ├── commander@4.1.1
26 silly saveTree │ │ ├── he@1.2.0
26 silly saveTree │ │ ├─┬ param-case@3.0.4
26 silly saveTree │ │ │ └── dot-case@3.0.4
26 silly saveTree │ │ ├── relateurl@0.2.7
26 silly saveTree │ │ └─┬ terser@4.8.0
26 silly saveTree │ │   ├── commander@2.20.3
26 silly saveTree │ │   ├─┬ source-map-support@0.5.21
26 silly saveTree │ │   │ ├── buffer-from@1.1.2
26 silly saveTree │ │   │ └── source-map@0.6.1
26 silly saveTree │ │   └── source-map@0.6.1
26 silly saveTree │ ├─┬ loader-utils@1.4.0
26 silly saveTree │ │ └── json5@1.0.1
26 silly saveTree │ ├─┬ pretty-error@2.1.2
26 silly saveTree │ │ └─┬ renderkid@2.0.7
26 silly saveTree │ │   ├─┬ css-select@4.3.0
26 silly saveTree │ │   │ ├── css-what@6.1.0
26 silly saveTree │ │   │ ├─┬ domutils@2.8.0
26 silly saveTree │ │   │ │ ├─┬ dom-serializer@1.3.2
26 silly saveTree │ │   │ │ │ └── domelementtype@2.2.0
26 silly saveTree │ │   │ │ └── domelementtype@2.2.0
26 silly saveTree │ │   │ └── nth-check@2.0.1
26 silly saveTree │ │   ├─┬ dom-converter@0.2.0
26 silly saveTree │ │   │ └── utila@0.4.0
26 silly saveTree │ │   ├─┬ htmlparser2@6.1.0
26 silly saveTree │ │   │ ├── domelementtype@2.2.0
26 silly saveTree │ │   │ └─┬ domutils@2.8.0
26 silly saveTree │ │   │   └── dom-serializer@1.3.2
26 silly saveTree │ │   └─┬ strip-ansi@3.0.1
26 silly saveTree │ │     └── ansi-regex@2.1.1
26 silly saveTree │ ├── tapable@1.1.3
26 silly saveTree │ └─┬ util.promisify@1.0.0
26 silly saveTree │   └── object.getownpropertydescriptors@2.1.3
26 silly saveTree ├─┬ husky@4.3.8
26 silly saveTree │ ├─┬ chalk@4.1.2
26 silly saveTree │ │ ├─┬ ansi-styles@4.3.0
26 silly saveTree │ │ │ └─┬ color-convert@2.0.1
26 silly saveTree │ │ │   └── color-name@1.1.4
26 silly saveTree │ │ └─┬ supports-color@7.2.0
26 silly saveTree │ │   └── has-flag@4.0.0
26 silly saveTree │ ├── ci-info@2.0.0
26 silly saveTree │ ├── compare-versions@3.6.0
26 silly saveTree │ ├─┬ find-versions@4.0.0
26 silly saveTree │ │ └── semver-regex@3.1.3
26 silly saveTree │ ├── opencollective-postinstall@2.0.3
26 silly saveTree │ ├─┬ pkg-dir@5.0.0
26 silly saveTree │ │ └─┬ find-up@5.0.0
26 silly saveTree │ │   └─┬ locate-path@6.0.0
26 silly saveTree │ │     └─┬ p-locate@5.0.0
26 silly saveTree │ │       └── p-limit@3.1.0
26 silly saveTree │ ├─┬ please-upgrade-node@3.2.0
26 silly saveTree │ │ └── semver-compare@1.0.0
26 silly saveTree │ └── which-pm-runs@1.1.0
26 silly saveTree ├─┬ less-loader@6.2.0
26 silly saveTree │ ├── clone@2.1.2
26 silly saveTree │ └─┬ less@3.13.1
26 silly saveTree │   ├─┬ copy-anything@2.0.6
26 silly saveTree │   │ └── is-what@3.14.1
26 silly saveTree │   ├─┬ errno@0.1.8
26 silly saveTree │   │ └── prr@1.0.1
26 silly saveTree │   ├── graceful-fs@4.2.9
26 silly saveTree │   ├── image-size@0.5.5
26 silly saveTree │   ├─┬ make-dir@2.1.0
26 silly saveTree │   │ ├── pify@4.0.1
26 silly saveTree │   │ └── semver@5.7.1
26 silly saveTree │   ├── mime@1.6.0
26 silly saveTree │   ├── native-request@1.1.0
26 silly saveTree │   ├── source-map@0.6.1
26 silly saveTree │   └── tslib@1.14.1
26 silly saveTree ├── less@3.13.1
26 silly saveTree ├─┬ lint-staged@10.5.4
26 silly saveTree │ ├─┬ chalk@4.1.2
26 silly saveTree │ │ ├─┬ ansi-styles@4.3.0
26 silly saveTree │ │ │ └─┬ color-convert@2.0.1
26 silly saveTree │ │ │   └── color-name@1.1.4
26 silly saveTree │ │ └─┬ supports-color@7.2.0
26 silly saveTree │ │   └── has-flag@4.0.0
26 silly saveTree │ ├─┬ cli-truncate@2.1.0
26 silly saveTree │ │ └─┬ slice-ansi@3.0.0
26 silly saveTree │ │   └─┬ ansi-styles@4.3.0
26 silly saveTree │ │     └─┬ color-convert@2.0.1
26 silly saveTree │ │       └── color-name@1.1.4
26 silly saveTree │ ├── commander@6.2.1
26 silly saveTree │ ├── dedent@0.7.0
26 silly saveTree │ ├─┬ execa@4.1.0
26 silly saveTree │ │ ├─┬ get-stream@5.2.0
26 silly saveTree │ │ │ └─┬ pump@3.0.0
26 silly saveTree │ │ │   └── end-of-stream@1.4.4
26 silly saveTree │ │ ├── human-signals@1.1.1
26 silly saveTree │ │ ├── is-stream@2.0.1
26 silly saveTree │ │ ├── merge-stream@2.0.0
26 silly saveTree │ │ ├── npm-run-path@4.0.1
26 silly saveTree │ │ ├─┬ onetime@5.1.2
26 silly saveTree │ │ │ └── mimic-fn@2.1.0
26 silly saveTree │ │ ├── signal-exit@3.0.7
26 silly saveTree │ │ └── strip-final-newline@2.0.0
26 silly saveTree │ ├─┬ listr2@3.14.0
26 silly saveTree │ │ ├── colorette@2.0.16
26 silly saveTree │ │ ├─┬ log-update@4.0.0
26 silly saveTree │ │ │ ├─┬ ansi-escapes@4.3.2
26 silly saveTree │ │ │ │ └── type-fest@0.21.3
26 silly saveTree │ │ │ ├─┬ cli-cursor@3.1.0
26 silly saveTree │ │ │ │ └── restore-cursor@3.1.0
26 silly saveTree │ │ │ └─┬ wrap-ansi@6.2.0
26 silly saveTree │ │ │   └─┬ ansi-styles@4.3.0
26 silly saveTree │ │ │     └─┬ color-convert@2.0.1
26 silly saveTree │ │ │       └── color-name@1.1.4
26 silly saveTree │ │ ├── rfdc@1.3.0
26 silly saveTree │ │ ├── rxjs@7.5.5
26 silly saveTree │ │ ├── through@2.3.8
26 silly saveTree │ │ └─┬ wrap-ansi@7.0.0
26 silly saveTree │ │   └─┬ ansi-styles@4.3.0
26 silly saveTree │ │     └─┬ color-convert@2.0.1
26 silly saveTree │ │       └── color-name@1.1.4
26 silly saveTree │ ├─┬ log-symbols@4.1.0
26 silly saveTree │ │ ├─┬ chalk@4.1.2
26 silly saveTree │ │ │ ├─┬ ansi-styles@4.3.0
26 silly saveTree │ │ │ │ └─┬ color-convert@2.0.1
26 silly saveTree │ │ │ │   └── color-name@1.1.4
26 silly saveTree │ │ │ └─┬ supports-color@7.2.0
26 silly saveTree │ │ │   └── has-flag@4.0.0
26 silly saveTree │ │ └── is-unicode-supported@0.1.0
26 silly saveTree │ ├── string-argv@0.3.1
26 silly saveTree │ └─┬ stringify-object@3.3.0
26 silly saveTree │   ├── get-own-enumerable-property-symbols@3.0.2
26 silly saveTree │   ├── is-obj@1.0.1
26 silly saveTree │   └── is-regexp@1.0.0
26 silly saveTree ├── prettier@2.6.2
26 silly saveTree ├─┬ pretty-quick@2.0.2
26 silly saveTree │ ├─┬ execa@2.1.0
26 silly saveTree │ │ ├── npm-run-path@3.1.0
26 silly saveTree │ │ └── p-finally@2.0.1
26 silly saveTree │ ├── mri@1.2.0
26 silly saveTree │ └─┬ multimatch@4.0.0
26 silly saveTree │   ├── @types/minimatch@3.0.5
26 silly saveTree │   ├── array-differ@3.0.0
26 silly saveTree │   └── arrify@2.0.1
26 silly saveTree ├── prop-types@15.8.1
26 silly saveTree ├── react-dom@16.14.0
26 silly saveTree ├─┬ react-hot-loader@4.13.0
26 silly saveTree │ ├─┬ global@4.4.0
26 silly saveTree │ │ ├─┬ min-document@2.19.0
26 silly saveTree │ │ │ └── dom-walk@0.1.2
26 silly saveTree │ │ └── process@0.11.10
26 silly saveTree │ ├── hoist-non-react-statics@3.3.2
26 silly saveTree │ ├─┬ loader-utils@1.4.0
26 silly saveTree │ │ └── json5@1.0.1
26 silly saveTree │ ├── react-lifecycles-compat@3.0.4
26 silly saveTree │ └── source-map@0.7.3
26 silly saveTree ├─┬ react-native-web@0.17.7
26 silly saveTree │ ├── array-find-index@1.0.2
26 silly saveTree │ ├── create-react-class@15.7.0
26 silly saveTree │ ├─┬ fbjs@3.0.4
26 silly saveTree │ │ ├─┬ cross-fetch@3.1.5
26 silly saveTree │ │ │ └─┬ node-fetch@2.6.7
26 silly saveTree │ │ │   └─┬ whatwg-url@5.0.0
26 silly saveTree │ │ │     ├── tr46@0.0.3
26 silly saveTree │ │ │     └── webidl-conversions@3.0.1
26 silly saveTree │ │ ├── fbjs-css-vars@1.0.2
26 silly saveTree │ │ ├─┬ promise@7.3.1
26 silly saveTree │ │ │ └── asap@2.0.6
26 silly saveTree │ │ ├── setimmediate@1.0.5
26 silly saveTree │ │ └── ua-parser-js@0.7.31
26 silly saveTree │ ├── hyphenate-style-name@1.0.4
26 silly saveTree │ ├─┬ inline-style-prefixer@6.0.1
26 silly saveTree │ │ └─┬ css-in-js-utils@2.0.1
26 silly saveTree │ │   └── isobject@3.0.1
26 silly saveTree │ └── normalize-css-color@1.0.2
26 silly saveTree ├─┬ react-router-dom@5.3.0
26 silly saveTree │ ├─┬ history@4.10.1
26 silly saveTree │ │ ├── resolve-pathname@3.0.0
26 silly saveTree │ │ ├── tiny-invariant@1.2.0
26 silly saveTree │ │ ├── tiny-warning@1.0.3
26 silly saveTree │ │ └── value-equal@1.0.1
26 silly saveTree │ ├─┬ react-router@5.2.1
26 silly saveTree │ │ ├── mini-create-react-context@0.4.1
26 silly saveTree │ │ └─┬ path-to-regexp@1.8.0
26 silly saveTree │ │   └── isarray@0.0.1
26 silly saveTree │ ├── tiny-invariant@1.2.0
26 silly saveTree │ └── tiny-warning@1.0.3
26 silly saveTree ├── react@16.14.0
26 silly saveTree ├─┬ serve@13.0.2
26 silly saveTree │ ├── @zeit/schemas@2.6.0
26 silly saveTree │ ├── arg@2.0.0
26 silly saveTree │ ├─┬ boxen@5.1.2
26 silly saveTree │ │ ├── ansi-align@3.0.1
26 silly saveTree │ │ ├─┬ chalk@4.1.2
26 silly saveTree │ │ │ ├─┬ ansi-styles@4.3.0
26 silly saveTree │ │ │ │ └─┬ color-convert@2.0.1
26 silly saveTree │ │ │ │   └── color-name@1.1.4
26 silly saveTree │ │ │ └─┬ supports-color@7.2.0
26 silly saveTree │ │ │   └── has-flag@4.0.0
26 silly saveTree │ │ ├── cli-boxes@2.2.1
26 silly saveTree │ │ └── widest-line@3.1.0
26 silly saveTree │ ├── chalk@2.4.1
26 silly saveTree │ ├─┬ clipboardy@2.3.0
26 silly saveTree │ │ ├── arch@2.2.0
26 silly saveTree │ │ ├─┬ execa@1.0.0
26 silly saveTree │ │ │ ├─┬ cross-spawn@6.0.5
26 silly saveTree │ │ │ │ ├── nice-try@1.0.5
26 silly saveTree │ │ │ │ ├── path-key@2.0.1
26 silly saveTree │ │ │ │ ├── semver@5.7.1
26 silly saveTree │ │ │ │ ├─┬ shebang-command@1.2.0
26 silly saveTree │ │ │ │ │ └── shebang-regex@1.0.0
26 silly saveTree │ │ │ │ └── which@1.3.1
26 silly saveTree │ │ │ ├── get-stream@4.1.0
26 silly saveTree │ │ │ ├── is-stream@1.1.0
26 silly saveTree │ │ │ ├── npm-run-path@2.0.2
26 silly saveTree │ │ │ ├── p-finally@1.0.0
26 silly saveTree │ │ │ └── strip-eof@1.0.0
26 silly saveTree │ │ └─┬ is-wsl@2.2.0
26 silly saveTree │ │   └── is-docker@2.2.1
26 silly saveTree │ ├─┬ compression@1.7.3
26 silly saveTree │ │ ├─┬ accepts@1.3.8
26 silly saveTree │ │ │ ├─┬ mime-types@2.1.35
26 silly saveTree │ │ │ │ └── mime-db@1.52.0
26 silly saveTree │ │ │ └── negotiator@0.6.3
26 silly saveTree │ │ ├── bytes@3.0.0
26 silly saveTree │ │ ├── compressible@2.0.18
26 silly saveTree │ │ ├─┬ debug@2.6.9
26 silly saveTree │ │ │ └── ms@2.0.0
26 silly saveTree │ │ ├── on-headers@1.0.2
26 silly saveTree │ │ └── vary@1.1.2
26 silly saveTree │ ├─┬ serve-handler@6.1.3
26 silly saveTree │ │ ├── content-disposition@0.5.2
26 silly saveTree │ │ ├─┬ fast-url-parser@1.1.3
26 silly saveTree │ │ │ └── punycode@1.4.1
26 silly saveTree │ │ ├─┬ mime-types@2.1.18
26 silly saveTree │ │ │ └── mime-db@1.33.0
26 silly saveTree │ │ ├── minimatch@3.0.4
26 silly saveTree │ │ ├── path-is-inside@1.0.2
26 silly saveTree │ │ ├── path-to-regexp@2.2.1
26 silly saveTree │ │ └── range-parser@1.2.0
26 silly saveTree │ └─┬ update-check@1.5.2
26 silly saveTree │   ├─┬ registry-auth-token@3.3.2
26 silly saveTree │   │ └─┬ rc@1.2.8
26 silly saveTree │   │   ├── deep-extend@0.6.0
26 silly saveTree │   │   ├── ini@1.3.8
26 silly saveTree │   │   └── strip-json-comments@2.0.1
26 silly saveTree │   └── registry-url@3.1.0
26 silly saveTree ├─┬ shx@0.3.4
26 silly saveTree │ └─┬ shelljs@0.8.5
26 silly saveTree │   ├── interpret@1.4.0
26 silly saveTree │   └── rechoir@0.6.2
26 silly saveTree ├── style-loader@1.3.0
26 silly saveTree ├─┬ webpack-bundle-analyzer@3.9.0
26 silly saveTree │ ├── acorn-walk@7.2.0
26 silly saveTree │ ├─┬ bfj@6.1.2
26 silly saveTree │ │ ├── bluebird@3.7.2
26 silly saveTree │ │ ├── check-types@8.0.3
26 silly saveTree │ │ ├── hoopy@0.1.4
26 silly saveTree │ │ └── tryer@1.0.1
26 silly saveTree │ ├── commander@2.20.3
26 silly saveTree │ ├── ejs@2.7.4
26 silly saveTree │ ├─┬ express@4.17.3
26 silly saveTree │ │ ├── array-flatten@1.1.1
26 silly saveTree │ │ ├─┬ body-parser@1.19.2
26 silly saveTree │ │ │ ├── bytes@3.1.2
26 silly saveTree │ │ │ ├── content-type@1.0.4
26 silly saveTree │ │ │ ├─┬ debug@2.6.9
26 silly saveTree │ │ │ │ └── ms@2.0.0
26 silly saveTree │ │ │ ├── depd@1.1.2
26 silly saveTree │ │ │ ├─┬ http-errors@1.8.1
26 silly saveTree │ │ │ │ ├── setprototypeof@1.2.0
26 silly saveTree │ │ │ │ ├── statuses@1.5.0
26 silly saveTree │ │ │ │ └── toidentifier@1.0.1
26 silly saveTree │ │ │ ├─┬ iconv-lite@0.4.24
26 silly saveTree │ │ │ │ └── safer-buffer@2.1.2
26 silly saveTree │ │ │ ├─┬ on-finished@2.3.0
26 silly saveTree │ │ │ │ └── ee-first@1.1.1
26 silly saveTree │ │ │ ├── qs@6.9.7
26 silly saveTree │ │ │ ├─┬ raw-body@2.4.3
26 silly saveTree │ │ │ │ ├── bytes@3.1.2
26 silly saveTree │ │ │ │ └── unpipe@1.0.0
26 silly saveTree │ │ │ └─┬ type-is@1.6.18
26 silly saveTree │ │ │   └── media-typer@0.3.0
26 silly saveTree │ │ ├─┬ content-disposition@0.5.4
26 silly saveTree │ │ │ └── safe-buffer@5.2.1
26 silly saveTree │ │ ├── content-type@1.0.4
26 silly saveTree │ │ ├── cookie-signature@1.0.6
26 silly saveTree │ │ ├── cookie@0.4.2
26 silly saveTree │ │ ├─┬ debug@2.6.9
26 silly saveTree │ │ │ └── ms@2.0.0
26 silly saveTree │ │ ├── depd@1.1.2
26 silly saveTree │ │ ├── encodeurl@1.0.2
26 silly saveTree │ │ ├── escape-html@1.0.3
26 silly saveTree │ │ ├── etag@1.8.1
26 silly saveTree │ │ ├─┬ finalhandler@1.1.2
26 silly saveTree │ │ │ ├─┬ debug@2.6.9
26 silly saveTree │ │ │ │ └── ms@2.0.0
26 silly saveTree │ │ │ └── parseurl@1.3.3
26 silly saveTree │ │ ├── fresh@0.5.2
26 silly saveTree │ │ ├── merge-descriptors@1.0.1
26 silly saveTree │ │ ├── methods@1.1.2
26 silly saveTree │ │ ├── on-finished@2.3.0
26 silly saveTree │ │ ├── parseurl@1.3.3
26 silly saveTree │ │ ├── path-to-regexp@0.1.7
26 silly saveTree │ │ ├─┬ proxy-addr@2.0.7
26 silly saveTree │ │ │ ├── forwarded@0.2.0
26 silly saveTree │ │ │ └── ipaddr.js@1.9.1
26 silly saveTree │ │ ├── qs@6.9.7
26 silly saveTree │ │ ├── range-parser@1.2.1
26 silly saveTree │ │ ├── safe-buffer@5.2.1
26 silly saveTree │ │ ├─┬ send@0.17.2
26 silly saveTree │ │ │ ├─┬ debug@2.6.9
26 silly saveTree │ │ │ │ └── ms@2.0.0
26 silly saveTree │ │ │ ├── destroy@1.0.4
26 silly saveTree │ │ │ ├── ms@2.1.3
26 silly saveTree │ │ │ └── range-parser@1.2.1
26 silly saveTree │ │ ├── serve-static@1.14.2
26 silly saveTree │ │ ├── setprototypeof@1.2.0
26 silly saveTree │ │ ├── statuses@1.5.0
26 silly saveTree │ │ ├── type-is@1.6.18
26 silly saveTree │ │ └── utils-merge@1.0.1
26 silly saveTree │ ├── filesize@3.6.1
26 silly saveTree │ ├─┬ gzip-size@5.1.1
26 silly saveTree │ │ └── duplexer@0.1.2
26 silly saveTree │ ├── mkdirp@0.5.6
26 silly saveTree │ ├── opener@1.5.2
26 silly saveTree │ └─┬ ws@6.2.2
26 silly saveTree │   └── async-limiter@1.0.1
26 silly saveTree ├─┬ webpack-cli@3.3.12
26 silly saveTree │ ├─┬ cross-spawn@6.0.5
26 silly saveTree │ │ ├── path-key@2.0.1
26 silly saveTree │ │ ├── semver@5.7.1
26 silly saveTree │ │ ├─┬ shebang-command@1.2.0
26 silly saveTree │ │ │ └── shebang-regex@1.0.0
26 silly saveTree │ │ └── which@1.3.1
26 silly saveTree │ ├─┬ enhanced-resolve@4.5.0
26 silly saveTree │ │ └─┬ memory-fs@0.5.0
26 silly saveTree │ │   └─┬ readable-stream@2.3.7
26 silly saveTree │ │     ├── core-util-is@1.0.3
26 silly saveTree │ │     ├── isarray@1.0.0
26 silly saveTree │ │     ├── process-nextick-args@2.0.1
26 silly saveTree │ │     └── string_decoder@1.1.1
26 silly saveTree │ ├─┬ findup-sync@3.0.0
26 silly saveTree │ │ ├── detect-file@1.0.0
26 silly saveTree │ │ ├─┬ micromatch@3.1.10
26 silly saveTree │ │ │ ├── arr-diff@4.0.0
26 silly saveTree │ │ │ ├── array-unique@0.3.2
26 silly saveTree │ │ │ ├─┬ braces@2.3.2
26 silly saveTree │ │ │ │ ├── arr-flatten@1.1.0
26 silly saveTree │ │ │ │ ├─┬ extend-shallow@2.0.1
26 silly saveTree │ │ │ │ │ └── is-extendable@0.1.1
26 silly saveTree │ │ │ │ ├─┬ fill-range@4.0.0
26 silly saveTree │ │ │ │ │ ├── extend-shallow@2.0.1
26 silly saveTree │ │ │ │ │ ├─┬ is-number@3.0.0
26 silly saveTree │ │ │ │ │ │ └─┬ kind-of@3.2.2
26 silly saveTree │ │ │ │ │ │   └── is-buffer@1.1.6
26 silly saveTree │ │ │ │ │ ├── repeat-string@1.6.1
26 silly saveTree │ │ │ │ │ └── to-regex-range@2.1.1
26 silly saveTree │ │ │ │ ├── repeat-element@1.1.4
26 silly saveTree │ │ │ │ ├─┬ snapdragon-node@2.1.1
26 silly saveTree │ │ │ │ │ ├─┬ define-property@1.0.0
26 silly saveTree │ │ │ │ │ │ └─┬ is-descriptor@1.0.2
26 silly saveTree │ │ │ │ │ │   ├─┬ is-accessor-descriptor@1.0.0
26 silly saveTree │ │ │ │ │ │   │ └── kind-of@6.0.3
26 silly saveTree │ │ │ │ │ │   ├── is-data-descriptor@1.0.0
26 silly saveTree │ │ │ │ │ │   └── kind-of@6.0.3
26 silly saveTree │ │ │ │ │ └─┬ snapdragon-util@3.0.1
26 silly saveTree │ │ │ │ │   └── kind-of@3.2.2
26 silly saveTree │ │ │ │ ├─┬ snapdragon@0.8.2
26 silly saveTree │ │ │ │ │ ├─┬ base@0.11.2
26 silly saveTree │ │ │ │ │ │ ├─┬ cache-base@1.0.1
26 silly saveTree │ │ │ │ │ │ │ ├─┬ collection-visit@1.0.0
26 silly saveTree │ │ │ │ │ │ │ │ ├─┬ map-visit@1.0.0
26 silly saveTree │ │ │ │ │ │ │ │ │ └── object-visit@1.0.1
26 silly saveTree │ │ │ │ │ │ │ │ └── object-visit@1.0.1
26 silly saveTree │ │ │ │ │ │ │ ├── component-emitter@1.3.0
26 silly saveTree │ │ │ │ │ │ │ ├── get-value@2.0.6
26 silly saveTree │ │ │ │ │ │ │ ├─┬ has-value@1.0.0
26 silly saveTree │ │ │ │ │ │ │ │ └─┬ has-values@1.0.0
26 silly saveTree │ │ │ │ │ │ │ │   ├─┬ is-number@3.0.0
26 silly saveTree │ │ │ │ │ │ │ │   │ └── kind-of@3.2.2
26 silly saveTree │ │ │ │ │ │ │ │   └── kind-of@4.0.0
26 silly saveTree │ │ │ │ │ │ │ ├─┬ set-value@2.0.1
26 silly saveTree │ │ │ │ │ │ │ │ ├── extend-shallow@2.0.1
26 silly saveTree │ │ │ │ │ │ │ │ ├── is-plain-object@2.0.4
26 silly saveTree │ │ │ │ │ │ │ │ └─┬ split-string@3.1.0
26 silly saveTree │ │ │ │ │ │ │ │   └─┬ extend-shallow@3.0.2
26 silly saveTree │ │ │ │ │ │ │ │     ├── assign-symbols@1.0.0
26 silly saveTree │ │ │ │ │ │ │ │     └── is-extendable@1.0.1
26 silly saveTree │ │ │ │ │ │ │ ├─┬ to-object-path@0.3.0
26 silly saveTree │ │ │ │ │ │ │ │ └── kind-of@3.2.2
26 silly saveTree │ │ │ │ │ │ │ ├─┬ union-value@1.0.1
26 silly saveTree │ │ │ │ │ │ │ │ └── arr-union@3.1.0
26 silly saveTree │ │ │ │ │ │ │ └─┬ unset-value@1.0.0
26 silly saveTree │ │ │ │ │ │ │   └─┬ has-value@0.3.1
26 silly saveTree │ │ │ │ │ │ │     ├── has-values@0.1.4
26 silly saveTree │ │ │ │ │ │ │     └── isobject@2.1.0
26 silly saveTree │ │ │ │ │ │ ├─┬ class-utils@0.3.6
26 silly saveTree │ │ │ │ │ │ │ ├─┬ define-property@0.2.5
26 silly saveTree │ │ │ │ │ │ │ │ └─┬ is-descriptor@0.1.6
26 silly saveTree │ │ │ │ │ │ │ │   ├─┬ is-accessor-descriptor@0.1.6
26 silly saveTree │ │ │ │ │ │ │ │   │ └── kind-of@3.2.2
26 silly saveTree │ │ │ │ │ │ │ │   ├─┬ is-data-descriptor@0.1.4
26 silly saveTree │ │ │ │ │ │ │ │   │ └── kind-of@3.2.2
26 silly saveTree │ │ │ │ │ │ │ │   └── kind-of@5.1.0
26 silly saveTree │ │ │ │ │ │ │ └─┬ static-extend@0.1.2
26 silly saveTree │ │ │ │ │ │ │   ├── define-property@0.2.5
26 silly saveTree │ │ │ │ │ │ │   └─┬ object-copy@0.1.0
26 silly saveTree │ │ │ │ │ │ │     ├── copy-descriptor@0.1.1
26 silly saveTree │ │ │ │ │ │ │     ├── define-property@0.2.5
26 silly saveTree │ │ │ │ │ │ │     └── kind-of@3.2.2
26 silly saveTree │ │ │ │ │ │ ├── component-emitter@1.3.0
26 silly saveTree │ │ │ │ │ │ ├─┬ define-property@1.0.0
26 silly saveTree │ │ │ │ │ │ │ └─┬ is-descriptor@1.0.2
26 silly saveTree │ │ │ │ │ │ │   ├── is-accessor-descriptor@1.0.0
26 silly saveTree │ │ │ │ │ │ │   └── is-data-descriptor@1.0.0
26 silly saveTree │ │ │ │ │ │ ├─┬ mixin-deep@1.3.2
26 silly saveTree │ │ │ │ │ │ │ ├── for-in@1.0.2
26 silly saveTree │ │ │ │ │ │ │ └── is-extendable@1.0.1
26 silly saveTree │ │ │ │ │ │ └── pascalcase@0.1.1
26 silly saveTree │ │ │ │ │ ├─┬ debug@2.6.9
26 silly saveTree │ │ │ │ │ │ └── ms@2.0.0
26 silly saveTree │ │ │ │ │ ├── define-property@0.2.5
26 silly saveTree │ │ │ │ │ ├── extend-shallow@2.0.1
26 silly saveTree │ │ │ │ │ ├── map-cache@0.2.2
26 silly saveTree │ │ │ │ │ ├─┬ source-map-resolve@0.5.3
26 silly saveTree │ │ │ │ │ │ ├── atob@2.1.2
26 silly saveTree │ │ │ │ │ │ ├── decode-uri-component@0.2.0
26 silly saveTree │ │ │ │ │ │ ├── resolve-url@0.2.1
26 silly saveTree │ │ │ │ │ │ ├── source-map-url@0.4.1
26 silly saveTree │ │ │ │ │ │ └── urix@0.1.0
26 silly saveTree │ │ │ │ │ └── use@3.1.1
26 silly saveTree │ │ │ │ ├── split-string@3.1.0
26 silly saveTree │ │ │ │ └─┬ to-regex@3.0.2
26 silly saveTree │ │ │ │   ├─┬ define-property@2.0.2
26 silly saveTree │ │ │ │   │ └─┬ is-descriptor@1.0.2
26 silly saveTree │ │ │ │   │   ├── is-accessor-descriptor@1.0.0
26 silly saveTree │ │ │ │   │   └── is-data-descriptor@1.0.0
26 silly saveTree │ │ │ │   ├─┬ regex-not@1.0.2
26 silly saveTree │ │ │ │   │ └─┬ safe-regex@1.1.0
26 silly saveTree │ │ │ │   │   └── ret@0.1.15
26 silly saveTree │ │ │ │   └── safe-regex@1.1.0
26 silly saveTree │ │ │ ├── define-property@2.0.2
26 silly saveTree │ │ │ ├── extend-shallow@3.0.2
26 silly saveTree │ │ │ ├─┬ extglob@2.0.4
26 silly saveTree │ │ │ │ ├─┬ define-property@1.0.0
26 silly saveTree │ │ │ │ │ └─┬ is-descriptor@1.0.2
26 silly saveTree │ │ │ │ │   ├── is-accessor-descriptor@1.0.0
26 silly saveTree │ │ │ │ │   └── is-data-descriptor@1.0.0
26 silly saveTree │ │ │ │ ├─┬ expand-brackets@2.1.4
26 silly saveTree │ │ │ │ │ ├─┬ debug@2.6.9
26 silly saveTree │ │ │ │ │ │ └── ms@2.0.0
26 silly saveTree │ │ │ │ │ ├── define-property@0.2.5
26 silly saveTree │ │ │ │ │ ├── extend-shallow@2.0.1
26 silly saveTree │ │ │ │ │ └── posix-character-classes@0.1.1
26 silly saveTree │ │ │ │ ├── extend-shallow@2.0.1
26 silly saveTree │ │ │ │ └── fragment-cache@0.2.1
26 silly saveTree │ │ │ ├── fragment-cache@0.2.1
26 silly saveTree │ │ │ ├── kind-of@6.0.3
26 silly saveTree │ │ │ ├─┬ nanomatch@1.2.13
26 silly saveTree │ │ │ │ ├── is-windows@1.0.2
26 silly saveTree │ │ │ │ └── object.pick@1.3.0
26 silly saveTree │ │ │ ├── object.pick@1.3.0
26 silly saveTree │ │ │ ├── regex-not@1.0.2
26 silly saveTree │ │ │ ├── snapdragon@0.8.2
26 silly saveTree │ │ │ └── to-regex@3.0.2
26 silly saveTree │ │ └─┬ resolve-dir@1.0.1
26 silly saveTree │ │   ├─┬ expand-tilde@2.0.2
26 silly saveTree │ │   │ └─┬ homedir-polyfill@1.0.3
26 silly saveTree │ │   │   └── parse-passwd@1.0.0
26 silly saveTree │ │   └─┬ global-modules@1.0.0
26 silly saveTree │ │     └─┬ global-prefix@1.0.2
26 silly saveTree │ │       └── which@1.3.1
26 silly saveTree │ ├─┬ global-modules@2.0.0
26 silly saveTree │ │ └─┬ global-prefix@3.0.0
26 silly saveTree │ │   └── which@1.3.1
26 silly saveTree │ ├─┬ import-local@2.0.0
26 silly saveTree │ │ ├─┬ pkg-dir@3.0.0
26 silly saveTree │ │ │ └─┬ find-up@3.0.0
26 silly saveTree │ │ │   └─┬ locate-path@3.0.0
26 silly saveTree │ │ │     ├── p-locate@3.0.0
26 silly saveTree │ │ │     └── path-exists@3.0.0
26 silly saveTree │ │ └─┬ resolve-cwd@2.0.0
26 silly saveTree │ │   └── resolve-from@3.0.0
26 silly saveTree │ ├─┬ loader-utils@1.4.0
26 silly saveTree │ │ └── json5@1.0.1
26 silly saveTree │ ├── supports-color@6.1.0
26 silly saveTree │ └─┬ yargs@13.3.2
26 silly saveTree │   ├─┬ cliui@5.0.0
26 silly saveTree │   │ ├─┬ string-width@3.1.0
26 silly saveTree │   │ │ ├── emoji-regex@7.0.3
26 silly saveTree │   │ │ ├── is-fullwidth-code-point@2.0.0
26 silly saveTree │   │ │ └─┬ strip-ansi@5.2.0
26 silly saveTree │   │ │   └── ansi-regex@4.1.1
26 silly saveTree │   │ ├── strip-ansi@5.2.0
26 silly saveTree │   │ └── wrap-ansi@5.1.0
26 silly saveTree │   ├─┬ find-up@3.0.0
26 silly saveTree │   │ └─┬ locate-path@3.0.0
26 silly saveTree │   │   ├── p-locate@3.0.0
26 silly saveTree │   │   └── path-exists@3.0.0
26 silly saveTree │   ├── get-caller-file@2.0.5
26 silly saveTree │   ├── require-directory@2.1.1
26 silly saveTree │   ├── require-main-filename@2.0.0
26 silly saveTree │   ├── set-blocking@2.0.0
26 silly saveTree │   ├─┬ string-width@3.1.0
26 silly saveTree │   │ ├── emoji-regex@7.0.3
26 silly saveTree │   │ ├── is-fullwidth-code-point@2.0.0
26 silly saveTree │   │ └─┬ strip-ansi@5.2.0
26 silly saveTree │   │   └── ansi-regex@4.1.1
26 silly saveTree │   ├── which-module@2.0.0
26 silly saveTree │   ├── y18n@4.0.3
26 silly saveTree │   └─┬ yargs-parser@13.1.2
26 silly saveTree │     ├── camelcase@5.3.1
26 silly saveTree │     └── decamelize@1.2.0
26 silly saveTree └─┬ webpack@5.71.0
26 silly saveTree   ├─┬ @types/eslint-scope@3.7.3
26 silly saveTree   │ ├─┬ @types/eslint@8.4.1
26 silly saveTree   │ │ └── @types/estree@0.0.51
26 silly saveTree   │ └── @types/estree@0.0.51
26 silly saveTree   ├── @types/estree@0.0.51
26 silly saveTree   ├─┬ @webassemblyjs/ast@1.11.1
26 silly saveTree   │ ├─┬ @webassemblyjs/helper-numbers@1.11.1
26 silly saveTree   │ │ ├── @webassemblyjs/floating-point-hex-parser@1.11.1
26 silly saveTree   │ │ ├── @webassemblyjs/helper-api-error@1.11.1
26 silly saveTree   │ │ └── @xtuc/long@4.2.2
26 silly saveTree   │ └── @webassemblyjs/helper-wasm-bytecode@1.11.1
26 silly saveTree   ├─┬ @webassemblyjs/wasm-edit@1.11.1
26 silly saveTree   │ ├── @webassemblyjs/helper-buffer@1.11.1
26 silly saveTree   │ ├─┬ @webassemblyjs/helper-wasm-section@1.11.1
26 silly saveTree   │ │ └─┬ @webassemblyjs/wasm-gen@1.11.1
26 silly saveTree   │ │   ├─┬ @webassemblyjs/ieee754@1.11.1
26 silly saveTree   │ │   │ └── @xtuc/ieee754@1.2.0
26 silly saveTree   │ │   ├── @webassemblyjs/leb128@1.11.1
26 silly saveTree   │ │   └── @webassemblyjs/utf8@1.11.1
26 silly saveTree   │ ├── @webassemblyjs/wasm-gen@1.11.1
26 silly saveTree   │ ├─┬ @webassemblyjs/wasm-opt@1.11.1
26 silly saveTree   │ │ └── @webassemblyjs/wasm-parser@1.11.1
26 silly saveTree   │ ├── @webassemblyjs/wasm-parser@1.11.1
26 silly saveTree   │ └── @webassemblyjs/wast-printer@1.11.1
26 silly saveTree   ├── @webassemblyjs/wasm-parser@1.11.1
26 silly saveTree   ├── acorn-import-assertions@1.8.0
26 silly saveTree   ├── acorn@8.7.0
26 silly saveTree   ├── chrome-trace-event@1.0.3
26 silly saveTree   ├─┬ enhanced-resolve@5.9.2
26 silly saveTree   │ └── tapable@2.2.1
26 silly saveTree   ├── es-module-lexer@0.9.3
26 silly saveTree   ├── events@3.3.0
26 silly saveTree   ├── glob-to-regexp@0.4.1
26 silly saveTree   ├── json-parse-better-errors@1.0.2
26 silly saveTree   ├── loader-runner@4.2.0
26 silly saveTree   ├── neo-async@2.6.2
26 silly saveTree   ├── schema-utils@3.1.1
26 silly saveTree   ├── tapable@2.2.1
26 silly saveTree   ├─┬ terser-webpack-plugin@5.3.1
26 silly saveTree   │ ├─┬ jest-worker@27.5.1
26 silly saveTree   │ │ └─┬ supports-color@8.1.1
26 silly saveTree   │ │   └── has-flag@4.0.0
26 silly saveTree   │ ├── schema-utils@3.1.1
26 silly saveTree   │ ├── serialize-javascript@6.0.0
26 silly saveTree   │ ├── source-map@0.6.1
26 silly saveTree   │ └─┬ terser@5.12.1
26 silly saveTree   │   ├── acorn@8.7.0
26 silly saveTree   │   ├── commander@2.20.3
26 silly saveTree   │   └── source-map@0.7.3
26 silly saveTree   ├── watchpack@2.3.1
26 silly saveTree   └── webpack-sources@3.2.3
27 verbose type tag
28 verbose stack webpack-dev-server: No matching version found for webpack-dev-server@-3.
28 verbose stack     at pickManifest (/usr/lib/node_modules/npm/node_modules/npm-pick-manifest/index.js:122:13)
28 verbose stack     at /usr/lib/node_modules/npm/node_modules/pacote/lib/fetchers/registry/manifest.js:43:18
28 verbose stack     at tryCatcher (/usr/lib/node_modules/npm/node_modules/bluebird/js/release/util.js:16:23)
28 verbose stack     at Promise._settlePromiseFromHandler (/usr/lib/node_modules/npm/node_modules/bluebird/js/release/promise.js:517:31)
28 verbose stack     at Promise._settlePromise (/usr/lib/node_modules/npm/node_modules/bluebird/js/release/promise.js:574:18)
28 verbose stack     at Promise._settlePromise0 (/usr/lib/node_modules/npm/node_modules/bluebird/js/release/promise.js:619:10)
28 verbose stack     at Promise._settlePromises (/usr/lib/node_modules/npm/node_modules/bluebird/js/release/promise.js:699:18)
28 verbose stack     at _drainQueueStep (/usr/lib/node_modules/npm/node_modules/bluebird/js/release/async.js:138:12)
28 verbose stack     at _drainQueue (/usr/lib/node_modules/npm/node_modules/bluebird/js/release/async.js:131:9)
28 verbose stack     at Async._drainQueues (/usr/lib/node_modules/npm/node_modules/bluebird/js/release/async.js:147:5)
28 verbose stack     at Immediate.Async.drainQueues [as _onImmediate] (/usr/lib/node_modules/npm/node_modules/bluebird/js/release/async.js:17:14)
28 verbose stack     at processImmediate (internal/timers.js:464:21)
29 verbose cwd /home/pat/my-app
30 verbose Linux 5.4.0-107-generic
31 verbose argv "/usr/bin/node" "/usr/bin/npm" "install"
32 verbose node v14.19.1
33 verbose npm  v6.14.16
34 error code ETARGET
35 error notarget No matching version found for webpack-dev-server@-3.
36 error notarget In most cases you or one of your dependencies are requesting
36 error notarget a package version that doesn't exist.
36 error notarget
36 error notarget It was specified as a dependency of 'my-app'
37 verbose exit [ 1, true ]
