0 info it worked if it ends with ok
1 verbose cli [ '/usr/bin/node', '/usr/bin/npm', 'start' ]
2 info using npm@6.14.16
3 info using node@v14.19.1
4 verbose run-script [ 'prestart', 'start', 'poststart' ]
5 info lifecycle my-app@1.0.0~prestart: my-app@1.0.0
6 info lifecycle my-app@1.0.0~start: my-app@1.0.0
7 verbose lifecycle my-app@1.0.0~start: unsafe-perm in lifecycle true
8 verbose lifecycle my-app@1.0.0~start: PATH: /usr/lib/node_modules/npm/node_modules/npm-lifecycle/node-gyp-bin:/home/pat/my-app/node_modules/.bin:/usr/local/sbin:/usr/local/bin:/usr/sbin:/usr/bin:/sbin:/bin:/usr/games:/usr/local/games:/snap/bin
9 verbose lifecycle my-app@1.0.0~start: CWD: /home/pat/my-app
10 silly lifecycle my-app@1.0.0~start: Args: [
10 silly lifecycle   '-c',
10 silly lifecycle   'webpack-dev-server --port 8080 --open --mode=development --display-error-details'
10 silly lifecycle ]
11 silly lifecycle my-app@1.0.0~start: Returned: code: 137  signal: null
12 info lifecycle my-app@1.0.0~start: Failed to exec start script
13 verbose stack Error: my-app@1.0.0 start: `webpack-dev-server --port 8080 --open --mode=development --display-error-details`
13 verbose stack Exit status 137
13 verbose stack     at EventEmitter.<anonymous> (/usr/lib/node_modules/npm/node_modules/npm-lifecycle/index.js:332:16)
13 verbose stack     at EventEmitter.emit (events.js:400:28)
13 verbose stack     at ChildProcess.<anonymous> (/usr/lib/node_modules/npm/node_modules/npm-lifecycle/lib/spawn.js:55:14)
13 verbose stack     at ChildProcess.emit (events.js:400:28)
13 verbose stack     at maybeClose (internal/child_process.js:1058:16)
13 verbose stack     at Process.ChildProcess._handle.onexit (internal/child_process.js:293:5)
14 verbose pkgid my-app@1.0.0
15 verbose cwd /home/pat/my-app
16 verbose Linux 5.4.0-107-generic
17 verbose argv "/usr/bin/node" "/usr/bin/npm" "start"
18 verbose node v14.19.1
19 verbose npm  v6.14.16
20 error code ELIFECYCLE
21 error errno 137
22 error my-app@1.0.0 start: `webpack-dev-server --port 8080 --open --mode=development --display-error-details`
22 error Exit status 137
23 error Failed at the my-app@1.0.0 start script.
23 error This is probably not a problem with npm. There is likely additional logging output above.
24 verbose exit [ 137, true ]
